Started GET "/" for ::1 at 2016-07-20 22:01:35 +0200
Processing by Rails::WelcomeController#index as HTML
  Parameters: {"internal"=>true}
  Rendering /Users/jonathanlibov/.rvm/gems/ruby-2.3.1/gems/railties-5.0.0/lib/rails/templates/rails/welcome/index.html.erb
  Rendered /Users/jonathanlibov/.rvm/gems/ruby-2.3.1/gems/railties-5.0.0/lib/rails/templates/rails/welcome/index.html.erb (7.8ms)
Completed 200 OK in 167ms (Views: 16.9ms | ActiveRecord: 0.0ms)


Started GET "/" for ::1 at 2016-07-20 22:01:35 +0200
Processing by Rails::WelcomeController#index as HTML
  Parameters: {"internal"=>true}
  Rendering /Users/jonathanlibov/.rvm/gems/ruby-2.3.1/gems/railties-5.0.0/lib/rails/templates/rails/welcome/index.html.erb
  Rendered /Users/jonathanlibov/.rvm/gems/ruby-2.3.1/gems/railties-5.0.0/lib/rails/templates/rails/welcome/index.html.erb (3.5ms)
Completed 200 OK in 9ms (Views: 5.8ms | ActiveRecord: 0.0ms)


Started GET "/" for ::1 at 2016-07-21 14:59:40 +0200
Processing by Rails::WelcomeController#index as HTML
  Parameters: {"internal"=>true}
  Rendering /Users/jonathanlibov/.rvm/gems/ruby-2.3.1/gems/railties-5.0.0/lib/rails/templates/rails/welcome/index.html.erb
  Rendered /Users/jonathanlibov/.rvm/gems/ruby-2.3.1/gems/railties-5.0.0/lib/rails/templates/rails/welcome/index.html.erb (6.8ms)
Completed 200 OK in 39ms (Views: 16.5ms | ActiveRecord: 0.0ms)


Started GET "/" for ::1 at 2016-07-21 14:59:40 +0200
Processing by Rails::WelcomeController#index as HTML
  Parameters: {"internal"=>true}
  Rendering /Users/jonathanlibov/.rvm/gems/ruby-2.3.1/gems/railties-5.0.0/lib/rails/templates/rails/welcome/index.html.erb
  Rendered /Users/jonathanlibov/.rvm/gems/ruby-2.3.1/gems/railties-5.0.0/lib/rails/templates/rails/welcome/index.html.erb (4.5ms)
Completed 200 OK in 10ms (Views: 6.6ms | ActiveRecord: 0.0ms)


Started GET "/" for ::1 at 2016-07-21 15:08:43 +0200
Processing by Rails::WelcomeController#index as HTML
  Parameters: {"internal"=>true}
  Rendering /Users/jonathanlibov/.rvm/gems/ruby-2.3.1/gems/railties-5.0.0/lib/rails/templates/rails/welcome/index.html.erb
  Rendered /Users/jonathanlibov/.rvm/gems/ruby-2.3.1/gems/railties-5.0.0/lib/rails/templates/rails/welcome/index.html.erb (5.5ms)
Completed 200 OK in 20ms (Views: 8.4ms | ActiveRecord: 0.0ms)


Started GET "/" for ::1 at 2016-07-21 15:12:18 +0200
Processing by Rails::WelcomeController#index as HTML
  Parameters: {"internal"=>true}
  Rendering /Users/jonathanlibov/.rvm/gems/ruby-2.3.1/gems/railties-5.0.0/lib/rails/templates/rails/welcome/index.html.erb
  Rendered /Users/jonathanlibov/.rvm/gems/ruby-2.3.1/gems/railties-5.0.0/lib/rails/templates/rails/welcome/index.html.erb (4.7ms)
Completed 200 OK in 12ms (Views: 8.3ms | ActiveRecord: 0.0ms)


Started GET "/" for ::1 at 2016-07-21 15:12:30 +0200
Processing by Rails::WelcomeController#index as HTML
  Parameters: {"internal"=>true}
  Rendering /Users/jonathanlibov/.rvm/gems/ruby-2.3.1/gems/railties-5.0.0/lib/rails/templates/rails/welcome/index.html.erb
  Rendered /Users/jonathanlibov/.rvm/gems/ruby-2.3.1/gems/railties-5.0.0/lib/rails/templates/rails/welcome/index.html.erb (5.8ms)
Completed 200 OK in 24ms (Views: 13.3ms | ActiveRecord: 0.0ms)


Started GET "/" for ::1 at 2016-07-21 15:12:32 +0200
Processing by Rails::WelcomeController#index as HTML
  Parameters: {"internal"=>true}
  Rendering /Users/jonathanlibov/.rvm/gems/ruby-2.3.1/gems/railties-5.0.0/lib/rails/templates/rails/welcome/index.html.erb
  Rendered /Users/jonathanlibov/.rvm/gems/ruby-2.3.1/gems/railties-5.0.0/lib/rails/templates/rails/welcome/index.html.erb (3.3ms)
Completed 200 OK in 9ms (Views: 6.2ms | ActiveRecord: 0.0ms)


Started GET "/" for ::1 at 2016-07-21 15:54:28 +0200
  
ActiveRecord::PendingMigrationError (

Migrations are pending. To resolve this issue, run:

	bin/rails db:migrate RAILS_ENV=development

):
  
activerecord (5.0.0) lib/active_record/migration.rb:572:in `check_pending!'
activerecord (5.0.0) lib/active_record/migration.rb:548:in `call'
actionpack (5.0.0) lib/action_dispatch/middleware/callbacks.rb:38:in `block in call'
activesupport (5.0.0) lib/active_support/callbacks.rb:97:in `__run_callbacks__'
activesupport (5.0.0) lib/active_support/callbacks.rb:750:in `_run_call_callbacks'
activesupport (5.0.0) lib/active_support/callbacks.rb:90:in `run_callbacks'
actionpack (5.0.0) lib/action_dispatch/middleware/callbacks.rb:36:in `call'
actionpack (5.0.0) lib/action_dispatch/middleware/executor.rb:12:in `call'
actionpack (5.0.0) lib/action_dispatch/middleware/remote_ip.rb:79:in `call'
actionpack (5.0.0) lib/action_dispatch/middleware/debug_exceptions.rb:49:in `call'
web-console (3.3.1) lib/web_console/middleware.rb:131:in `call_app'
web-console (3.3.1) lib/web_console/middleware.rb:28:in `block in call'
web-console (3.3.1) lib/web_console/middleware.rb:18:in `catch'
web-console (3.3.1) lib/web_console/middleware.rb:18:in `call'
actionpack (5.0.0) lib/action_dispatch/middleware/show_exceptions.rb:31:in `call'
railties (5.0.0) lib/rails/rack/logger.rb:36:in `call_app'
railties (5.0.0) lib/rails/rack/logger.rb:24:in `block in call'
activesupport (5.0.0) lib/active_support/tagged_logging.rb:70:in `block in tagged'
activesupport (5.0.0) lib/active_support/tagged_logging.rb:26:in `tagged'
activesupport (5.0.0) lib/active_support/tagged_logging.rb:70:in `tagged'
railties (5.0.0) lib/rails/rack/logger.rb:24:in `call'
sprockets-rails (3.1.1) lib/sprockets/rails/quiet_assets.rb:13:in `call'
actionpack (5.0.0) lib/action_dispatch/middleware/request_id.rb:24:in `call'
rack (2.0.1) lib/rack/method_override.rb:22:in `call'
rack (2.0.1) lib/rack/runtime.rb:22:in `call'
activesupport (5.0.0) lib/active_support/cache/strategy/local_cache_middleware.rb:28:in `call'
actionpack (5.0.0) lib/action_dispatch/middleware/executor.rb:12:in `call'
actionpack (5.0.0) lib/action_dispatch/middleware/static.rb:136:in `call'
rack (2.0.1) lib/rack/sendfile.rb:111:in `call'
railties (5.0.0) lib/rails/engine.rb:522:in `call'
puma (3.5.2) lib/puma/configuration.rb:225:in `call'
puma (3.5.2) lib/puma/server.rb:569:in `handle_request'
puma (3.5.2) lib/puma/server.rb:406:in `process_client'
puma (3.5.2) lib/puma/server.rb:271:in `block in run'
puma (3.5.2) lib/puma/thread_pool.rb:116:in `block in spawn_thread'
  Rendering /Users/jonathanlibov/.rvm/gems/ruby-2.3.1/gems/actionpack-5.0.0/lib/action_dispatch/middleware/templates/rescues/diagnostics.html.erb within rescues/layout
  Rendering /Users/jonathanlibov/.rvm/gems/ruby-2.3.1/gems/actionpack-5.0.0/lib/action_dispatch/middleware/templates/rescues/_source.html.erb
  Rendered /Users/jonathanlibov/.rvm/gems/ruby-2.3.1/gems/actionpack-5.0.0/lib/action_dispatch/middleware/templates/rescues/_source.html.erb (2.9ms)
  Rendering /Users/jonathanlibov/.rvm/gems/ruby-2.3.1/gems/actionpack-5.0.0/lib/action_dispatch/middleware/templates/rescues/_trace.html.erb
  Rendered /Users/jonathanlibov/.rvm/gems/ruby-2.3.1/gems/actionpack-5.0.0/lib/action_dispatch/middleware/templates/rescues/_trace.html.erb (2.4ms)
  Rendering /Users/jonathanlibov/.rvm/gems/ruby-2.3.1/gems/actionpack-5.0.0/lib/action_dispatch/middleware/templates/rescues/_request_and_response.html.erb
  Rendered /Users/jonathanlibov/.rvm/gems/ruby-2.3.1/gems/actionpack-5.0.0/lib/action_dispatch/middleware/templates/rescues/_request_and_response.html.erb (0.9ms)
  Rendered /Users/jonathanlibov/.rvm/gems/ruby-2.3.1/gems/actionpack-5.0.0/lib/action_dispatch/middleware/templates/rescues/diagnostics.html.erb within rescues/layout (74.5ms)
  [1m[35m (1.7ms)[0m  [1m[35mCREATE TABLE "schema_migrations" ("version" varchar NOT NULL PRIMARY KEY)[0m
  [1m[35m (1.0ms)[0m  [1m[35mCREATE TABLE "ar_internal_metadata" ("key" varchar NOT NULL PRIMARY KEY, "value" varchar, "created_at" datetime NOT NULL, "updated_at" datetime NOT NULL)[0m
  [1m[36mActiveRecord::SchemaMigration Load (0.2ms)[0m  [1m[34mSELECT "schema_migrations".* FROM "schema_migrations"[0m
Migrating to CreateCoins (20160721135039)
  [1m[35m (0.1ms)[0m  [1m[36mbegin transaction[0m
  [1m[35m (0.4ms)[0m  [1m[35mCREATE TABLE "coins" ("id" INTEGER PRIMARY KEY AUTOINCREMENT NOT NULL, "name" varchar, "info_way_to_earn" text, "info_status" varchar, "info_additional" text, "price" integer, "thirty_day_price_change" integer, "one_day_price_change" integer, "volume" integer, "market_cap" integer, "application_name" varchar, "application_description" text, "application_status" varchar, "application_category" varchar, "logo_url" varchar, "created_at" datetime NOT NULL, "updated_at" datetime NOT NULL)[0m
  [1m[35mSQL (0.2ms)[0m  [1m[32mINSERT INTO "schema_migrations" ("version") VALUES (?)[0m  [["version", "20160721135039"]]
  [1m[35m (0.8ms)[0m  [1m[36mcommit transaction[0m
  [1m[36mActiveRecord::InternalMetadata Load (0.2ms)[0m  [1m[34mSELECT  "ar_internal_metadata".* FROM "ar_internal_metadata" WHERE "ar_internal_metadata"."key" = ? LIMIT ?[0m  [["key", :environment], ["LIMIT", 1]]
  [1m[35m (0.1ms)[0m  [1m[36mbegin transaction[0m
  [1m[35mSQL (0.4ms)[0m  [1m[32mINSERT INTO "ar_internal_metadata" ("key", "value", "created_at", "updated_at") VALUES (?, ?, ?, ?)[0m  [["key", "environment"], ["value", "development"], ["created_at", 2016-07-21 13:55:07 UTC], ["updated_at", 2016-07-21 13:55:07 UTC]]
  [1m[35m (0.5ms)[0m  [1m[36mcommit transaction[0m
  [1m[36mActiveRecord::SchemaMigration Load (0.1ms)[0m  [1m[34mSELECT "schema_migrations".* FROM "schema_migrations"[0m
Started GET "/" for ::1 at 2016-07-21 15:55:11 +0200
  [1m[36mActiveRecord::SchemaMigration Load (0.2ms)[0m  [1m[34mSELECT "schema_migrations".* FROM "schema_migrations"[0m
Processing by Rails::WelcomeController#index as HTML
  Parameters: {"internal"=>true}
  Rendering /Users/jonathanlibov/.rvm/gems/ruby-2.3.1/gems/railties-5.0.0/lib/rails/templates/rails/welcome/index.html.erb
  Rendered /Users/jonathanlibov/.rvm/gems/ruby-2.3.1/gems/railties-5.0.0/lib/rails/templates/rails/welcome/index.html.erb (4.4ms)
Completed 200 OK in 11ms (Views: 8.0ms | ActiveRecord: 0.0ms)


Started GET "/" for ::1 at 2016-07-21 16:25:01 +0200
  
SyntaxError (/Users/jonathanlibov/Documents/coindexter/app/controllers/coins_controller.rb:40: syntax error, unexpected end-of-input, expecting keyword_end):
  
app/controllers/coins_controller.rb:40: syntax error, unexpected end-of-input, expecting keyword_end
  Rendering /Users/jonathanlibov/.rvm/gems/ruby-2.3.1/gems/actionpack-5.0.0/lib/action_dispatch/middleware/templates/rescues/diagnostics.html.erb within rescues/layout
  Rendering /Users/jonathanlibov/.rvm/gems/ruby-2.3.1/gems/actionpack-5.0.0/lib/action_dispatch/middleware/templates/rescues/_source.html.erb
  Rendered /Users/jonathanlibov/.rvm/gems/ruby-2.3.1/gems/actionpack-5.0.0/lib/action_dispatch/middleware/templates/rescues/_source.html.erb (4.5ms)
  Rendering /Users/jonathanlibov/.rvm/gems/ruby-2.3.1/gems/actionpack-5.0.0/lib/action_dispatch/middleware/templates/rescues/_trace.html.erb
  Rendered /Users/jonathanlibov/.rvm/gems/ruby-2.3.1/gems/actionpack-5.0.0/lib/action_dispatch/middleware/templates/rescues/_trace.html.erb (1.5ms)
  Rendering /Users/jonathanlibov/.rvm/gems/ruby-2.3.1/gems/actionpack-5.0.0/lib/action_dispatch/middleware/templates/rescues/_request_and_response.html.erb
  Rendered /Users/jonathanlibov/.rvm/gems/ruby-2.3.1/gems/actionpack-5.0.0/lib/action_dispatch/middleware/templates/rescues/_request_and_response.html.erb (1.3ms)
  Rendered /Users/jonathanlibov/.rvm/gems/ruby-2.3.1/gems/actionpack-5.0.0/lib/action_dispatch/middleware/templates/rescues/diagnostics.html.erb within rescues/layout (69.9ms)
Started GET "/" for ::1 at 2016-07-21 16:25:25 +0200
  
SyntaxError (/Users/jonathanlibov/Documents/coindexter/app/controllers/coins_controller.rb:37: syntax error, unexpected end-of-input, expecting keyword_end):
  
app/controllers/coins_controller.rb:37: syntax error, unexpected end-of-input, expecting keyword_end
  Rendering /Users/jonathanlibov/.rvm/gems/ruby-2.3.1/gems/actionpack-5.0.0/lib/action_dispatch/middleware/templates/rescues/diagnostics.html.erb within rescues/layout
  Rendering /Users/jonathanlibov/.rvm/gems/ruby-2.3.1/gems/actionpack-5.0.0/lib/action_dispatch/middleware/templates/rescues/_source.html.erb
  Rendered /Users/jonathanlibov/.rvm/gems/ruby-2.3.1/gems/actionpack-5.0.0/lib/action_dispatch/middleware/templates/rescues/_source.html.erb (3.2ms)
  Rendering /Users/jonathanlibov/.rvm/gems/ruby-2.3.1/gems/actionpack-5.0.0/lib/action_dispatch/middleware/templates/rescues/_trace.html.erb
  Rendered /Users/jonathanlibov/.rvm/gems/ruby-2.3.1/gems/actionpack-5.0.0/lib/action_dispatch/middleware/templates/rescues/_trace.html.erb (1.4ms)
  Rendering /Users/jonathanlibov/.rvm/gems/ruby-2.3.1/gems/actionpack-5.0.0/lib/action_dispatch/middleware/templates/rescues/_request_and_response.html.erb
  Rendered /Users/jonathanlibov/.rvm/gems/ruby-2.3.1/gems/actionpack-5.0.0/lib/action_dispatch/middleware/templates/rescues/_request_and_response.html.erb (1.1ms)
  Rendered /Users/jonathanlibov/.rvm/gems/ruby-2.3.1/gems/actionpack-5.0.0/lib/action_dispatch/middleware/templates/rescues/diagnostics.html.erb within rescues/layout (56.5ms)
Started GET "/" for ::1 at 2016-07-21 16:26:20 +0200
Processing by CoinsController#index as HTML
Completed 500 Internal Server Error in 20ms (ActiveRecord: 0.7ms)


  
NoMethodError (undefined method `attr_accessible' for #<Class:0x007f9b56999820>
Did you mean?  attr_accessor):
  
app/models/coin.rb:3:in `<class:Coin>'
app/models/coin.rb:1:in `<top (required)>'
app/controllers/coins_controller.rb:5:in `index'
  Rendering /Users/jonathanlibov/.rvm/gems/ruby-2.3.1/gems/actionpack-5.0.0/lib/action_dispatch/middleware/templates/rescues/diagnostics.html.erb within rescues/layout
  Rendering /Users/jonathanlibov/.rvm/gems/ruby-2.3.1/gems/actionpack-5.0.0/lib/action_dispatch/middleware/templates/rescues/_source.html.erb
  Rendered /Users/jonathanlibov/.rvm/gems/ruby-2.3.1/gems/actionpack-5.0.0/lib/action_dispatch/middleware/templates/rescues/_source.html.erb (5.6ms)
  Rendering /Users/jonathanlibov/.rvm/gems/ruby-2.3.1/gems/actionpack-5.0.0/lib/action_dispatch/middleware/templates/rescues/_trace.html.erb
  Rendered /Users/jonathanlibov/.rvm/gems/ruby-2.3.1/gems/actionpack-5.0.0/lib/action_dispatch/middleware/templates/rescues/_trace.html.erb (1.7ms)
  Rendering /Users/jonathanlibov/.rvm/gems/ruby-2.3.1/gems/actionpack-5.0.0/lib/action_dispatch/middleware/templates/rescues/_request_and_response.html.erb
  Rendered /Users/jonathanlibov/.rvm/gems/ruby-2.3.1/gems/actionpack-5.0.0/lib/action_dispatch/middleware/templates/rescues/_request_and_response.html.erb (1.1ms)
  Rendered /Users/jonathanlibov/.rvm/gems/ruby-2.3.1/gems/actionpack-5.0.0/lib/action_dispatch/middleware/templates/rescues/diagnostics.html.erb within rescues/layout (63.4ms)
Started GET "/" for ::1 at 2016-07-21 16:26:47 +0200
Processing by CoinsController#index as HTML
  Rendering coins/index.html.erb within layouts/application
  [1m[36mCoin Load (0.9ms)[0m  [1m[34mSELECT "coins".* FROM "coins"[0m
  Rendered coins/index.html.erb within layouts/application (4.6ms)
  Rendered layouts/_rails_default.html.erb (221.4ms)
Completed 500 Internal Server Error in 239ms (ActiveRecord: 1.6ms)


  
ActionView::Template::Error (File to import not found or unreadable: bootstrap-sprockets.
Load paths:
  /Users/jonathanlibov/Documents/coindexter/app/assets/config
  /Users/jonathanlibov/Documents/coindexter/app/assets/images
  /Users/jonathanlibov/Documents/coindexter/app/assets/javascripts
  /Users/jonathanlibov/Documents/coindexter/app/assets/stylesheets
  /Users/jonathanlibov/Documents/coindexter/vendor/assets/javascripts
  /Users/jonathanlibov/Documents/coindexter/vendor/assets/stylesheets
  /Users/jonathanlibov/.rvm/gems/ruby-2.3.1/gems/jquery-rails-4.1.1/vendor/assets/javascripts
  /Users/jonathanlibov/.rvm/gems/ruby-2.3.1/gems/coffee-rails-4.2.1/lib/assets/javascripts
  /Users/jonathanlibov/.rvm/gems/ruby-2.3.1/gems/actioncable-5.0.0/lib/assets/compiled
  /Users/jonathanlibov/.rvm/gems/ruby-2.3.1/gems/turbolinks-source-5.0.0/lib/assets/javascripts):
    1: <%= csrf_meta_tags %>
    2: <%= stylesheet_link_tag    'application', media: 'all', 'data-turbolinks-track': 'reload' %>
    3: <%= javascript_include_tag 'application', 'data-turbolinks-track': 'reload' %>
  
app/assets/stylesheets/custom.scss:1
app/views/layouts/_rails_default.html.erb:2:in `_app_views_layouts__rails_default_html_erb___1606286728548884053_70152575504880'
app/views/layouts/application.html.erb:5:in `_app_views_layouts_application_html_erb__2558942068426044204_70152575638520'
  Rendering /Users/jonathanlibov/.rvm/gems/ruby-2.3.1/gems/actionpack-5.0.0/lib/action_dispatch/middleware/templates/rescues/template_error.html.erb within rescues/layout
  Rendering /Users/jonathanlibov/.rvm/gems/ruby-2.3.1/gems/actionpack-5.0.0/lib/action_dispatch/middleware/templates/rescues/_source.html.erb
  Rendered /Users/jonathanlibov/.rvm/gems/ruby-2.3.1/gems/actionpack-5.0.0/lib/action_dispatch/middleware/templates/rescues/_source.html.erb (9.2ms)
  Rendering /Users/jonathanlibov/.rvm/gems/ruby-2.3.1/gems/actionpack-5.0.0/lib/action_dispatch/middleware/templates/rescues/_trace.html.erb
  Rendered /Users/jonathanlibov/.rvm/gems/ruby-2.3.1/gems/actionpack-5.0.0/lib/action_dispatch/middleware/templates/rescues/_trace.html.erb (5.9ms)
  Rendering /Users/jonathanlibov/.rvm/gems/ruby-2.3.1/gems/actionpack-5.0.0/lib/action_dispatch/middleware/templates/rescues/_request_and_response.html.erb
  Rendered /Users/jonathanlibov/.rvm/gems/ruby-2.3.1/gems/actionpack-5.0.0/lib/action_dispatch/middleware/templates/rescues/_request_and_response.html.erb (1.6ms)
  Rendered /Users/jonathanlibov/.rvm/gems/ruby-2.3.1/gems/actionpack-5.0.0/lib/action_dispatch/middleware/templates/rescues/template_error.html.erb within rescues/layout (71.8ms)
Started GET "/" for ::1 at 2016-07-21 16:27:06 +0200
Processing by CoinsController#index as HTML
  Rendering coins/index.html.erb within layouts/application
  [1m[36mCoin Load (0.1ms)[0m  [1m[34mSELECT "coins".* FROM "coins"[0m
  Rendered coins/index.html.erb within layouts/application (0.9ms)
  Rendered layouts/_rails_default.html.erb (33.3ms)
Completed 500 Internal Server Error in 43ms (ActiveRecord: 0.1ms)


  
ActionView::Template::Error (File to import not found or unreadable: bootstrap.
Load paths:
  /Users/jonathanlibov/Documents/coindexter/app/assets/config
  /Users/jonathanlibov/Documents/coindexter/app/assets/images
  /Users/jonathanlibov/Documents/coindexter/app/assets/javascripts
  /Users/jonathanlibov/Documents/coindexter/app/assets/stylesheets
  /Users/jonathanlibov/Documents/coindexter/vendor/assets/javascripts
  /Users/jonathanlibov/Documents/coindexter/vendor/assets/stylesheets
  /Users/jonathanlibov/.rvm/gems/ruby-2.3.1/gems/jquery-rails-4.1.1/vendor/assets/javascripts
  /Users/jonathanlibov/.rvm/gems/ruby-2.3.1/gems/coffee-rails-4.2.1/lib/assets/javascripts
  /Users/jonathanlibov/.rvm/gems/ruby-2.3.1/gems/actioncable-5.0.0/lib/assets/compiled
  /Users/jonathanlibov/.rvm/gems/ruby-2.3.1/gems/turbolinks-source-5.0.0/lib/assets/javascripts):
    1: <%= csrf_meta_tags %>
    2: <%= stylesheet_link_tag    'application', media: 'all', 'data-turbolinks-track': 'reload' %>
    3: <%= javascript_include_tag 'application', 'data-turbolinks-track': 'reload' %>
  
app/assets/stylesheets/custom.scss:3
app/views/layouts/_rails_default.html.erb:2:in `_app_views_layouts__rails_default_html_erb___1606286728548884053_70152583771020'
app/views/layouts/application.html.erb:5:in `_app_views_layouts_application_html_erb__2558942068426044204_70152583704160'
  Rendering /Users/jonathanlibov/.rvm/gems/ruby-2.3.1/gems/actionpack-5.0.0/lib/action_dispatch/middleware/templates/rescues/template_error.html.erb within rescues/layout
  Rendering /Users/jonathanlibov/.rvm/gems/ruby-2.3.1/gems/actionpack-5.0.0/lib/action_dispatch/middleware/templates/rescues/_source.html.erb
  Rendered /Users/jonathanlibov/.rvm/gems/ruby-2.3.1/gems/actionpack-5.0.0/lib/action_dispatch/middleware/templates/rescues/_source.html.erb (7.1ms)
  Rendering /Users/jonathanlibov/.rvm/gems/ruby-2.3.1/gems/actionpack-5.0.0/lib/action_dispatch/middleware/templates/rescues/_trace.html.erb
  Rendered /Users/jonathanlibov/.rvm/gems/ruby-2.3.1/gems/actionpack-5.0.0/lib/action_dispatch/middleware/templates/rescues/_trace.html.erb (2.4ms)
  Rendering /Users/jonathanlibov/.rvm/gems/ruby-2.3.1/gems/actionpack-5.0.0/lib/action_dispatch/middleware/templates/rescues/_request_and_response.html.erb
  Rendered /Users/jonathanlibov/.rvm/gems/ruby-2.3.1/gems/actionpack-5.0.0/lib/action_dispatch/middleware/templates/rescues/_request_and_response.html.erb (0.7ms)
  Rendered /Users/jonathanlibov/.rvm/gems/ruby-2.3.1/gems/actionpack-5.0.0/lib/action_dispatch/middleware/templates/rescues/template_error.html.erb within rescues/layout (70.0ms)
Started GET "/" for ::1 at 2016-07-21 16:27:18 +0200
Processing by CoinsController#index as HTML
  Rendering coins/index.html.erb within layouts/application
  [1m[36mCoin Load (0.3ms)[0m  [1m[34mSELECT "coins".* FROM "coins"[0m
  Rendered coins/index.html.erb within layouts/application (1.5ms)
  Rendered layouts/_rails_default.html.erb (523.3ms)
  Rendered layouts/_shim.html.erb (0.4ms)
  Rendered layouts/_header.html.erb (0.8ms)
Completed 200 OK in 540ms (Views: 537.9ms | ActiveRecord: 0.3ms)


Started GET "/coin/new" for ::1 at 2016-07-21 16:27:36 +0200
  
ActionController::RoutingError (No route matches [GET] "/coin/new"):
  
actionpack (5.0.0) lib/action_dispatch/middleware/debug_exceptions.rb:53:in `call'
web-console (3.3.1) lib/web_console/middleware.rb:131:in `call_app'
web-console (3.3.1) lib/web_console/middleware.rb:28:in `block in call'
web-console (3.3.1) lib/web_console/middleware.rb:18:in `catch'
web-console (3.3.1) lib/web_console/middleware.rb:18:in `call'
actionpack (5.0.0) lib/action_dispatch/middleware/show_exceptions.rb:31:in `call'
railties (5.0.0) lib/rails/rack/logger.rb:36:in `call_app'
railties (5.0.0) lib/rails/rack/logger.rb:24:in `block in call'
activesupport (5.0.0) lib/active_support/tagged_logging.rb:70:in `block in tagged'
activesupport (5.0.0) lib/active_support/tagged_logging.rb:26:in `tagged'
activesupport (5.0.0) lib/active_support/tagged_logging.rb:70:in `tagged'
railties (5.0.0) lib/rails/rack/logger.rb:24:in `call'
sprockets-rails (3.1.1) lib/sprockets/rails/quiet_assets.rb:13:in `call'
actionpack (5.0.0) lib/action_dispatch/middleware/request_id.rb:24:in `call'
rack (2.0.1) lib/rack/method_override.rb:22:in `call'
rack (2.0.1) lib/rack/runtime.rb:22:in `call'
activesupport (5.0.0) lib/active_support/cache/strategy/local_cache_middleware.rb:28:in `call'
actionpack (5.0.0) lib/action_dispatch/middleware/executor.rb:12:in `call'
actionpack (5.0.0) lib/action_dispatch/middleware/static.rb:136:in `call'
rack (2.0.1) lib/rack/sendfile.rb:111:in `call'
railties (5.0.0) lib/rails/engine.rb:522:in `call'
puma (3.5.2) lib/puma/configuration.rb:225:in `call'
puma (3.5.2) lib/puma/server.rb:569:in `handle_request'
puma (3.5.2) lib/puma/server.rb:406:in `process_client'
puma (3.5.2) lib/puma/server.rb:271:in `block in run'
puma (3.5.2) lib/puma/thread_pool.rb:116:in `block in spawn_thread'
  Rendering /Users/jonathanlibov/.rvm/gems/ruby-2.3.1/gems/actionpack-5.0.0/lib/action_dispatch/middleware/templates/rescues/routing_error.html.erb within rescues/layout
  Rendering /Users/jonathanlibov/.rvm/gems/ruby-2.3.1/gems/actionpack-5.0.0/lib/action_dispatch/middleware/templates/rescues/_trace.html.erb
  Rendered /Users/jonathanlibov/.rvm/gems/ruby-2.3.1/gems/actionpack-5.0.0/lib/action_dispatch/middleware/templates/rescues/_trace.html.erb (1.4ms)
  Rendered collection of /Users/jonathanlibov/.rvm/gems/ruby-2.3.1/gems/actionpack-5.0.0/lib/action_dispatch/middleware/templates/routes/_route.html.erb [1 times] (13.8ms)
  Rendered /Users/jonathanlibov/.rvm/gems/ruby-2.3.1/gems/actionpack-5.0.0/lib/action_dispatch/middleware/templates/routes/_table.html.erb (30.6ms)
  Rendering /Users/jonathanlibov/.rvm/gems/ruby-2.3.1/gems/actionpack-5.0.0/lib/action_dispatch/middleware/templates/rescues/_request_and_response.html.erb
  Rendered /Users/jonathanlibov/.rvm/gems/ruby-2.3.1/gems/actionpack-5.0.0/lib/action_dispatch/middleware/templates/rescues/_request_and_response.html.erb (2.2ms)
  Rendered /Users/jonathanlibov/.rvm/gems/ruby-2.3.1/gems/actionpack-5.0.0/lib/action_dispatch/middleware/templates/rescues/routing_error.html.erb within rescues/layout (119.1ms)
Started GET "/coin/new" for ::1 at 2016-07-21 16:30:40 +0200
  
SyntaxError (/Users/jonathanlibov/Documents/coindexter/config/routes.rb:5: syntax error, unexpected ':', expecting keyword_end
  resources: coins
            ^):
  
config/routes.rb:5: syntax error, unexpected ':', expecting keyword_end
  Rendering /Users/jonathanlibov/.rvm/gems/ruby-2.3.1/gems/actionpack-5.0.0/lib/action_dispatch/middleware/templates/rescues/diagnostics.html.erb within rescues/layout
  Rendering /Users/jonathanlibov/.rvm/gems/ruby-2.3.1/gems/actionpack-5.0.0/lib/action_dispatch/middleware/templates/rescues/_source.html.erb
  Rendered /Users/jonathanlibov/.rvm/gems/ruby-2.3.1/gems/actionpack-5.0.0/lib/action_dispatch/middleware/templates/rescues/_source.html.erb (4.8ms)
  Rendering /Users/jonathanlibov/.rvm/gems/ruby-2.3.1/gems/actionpack-5.0.0/lib/action_dispatch/middleware/templates/rescues/_trace.html.erb
  Rendered /Users/jonathanlibov/.rvm/gems/ruby-2.3.1/gems/actionpack-5.0.0/lib/action_dispatch/middleware/templates/rescues/_trace.html.erb (1.6ms)
  Rendering /Users/jonathanlibov/.rvm/gems/ruby-2.3.1/gems/actionpack-5.0.0/lib/action_dispatch/middleware/templates/rescues/_request_and_response.html.erb
  Rendered /Users/jonathanlibov/.rvm/gems/ruby-2.3.1/gems/actionpack-5.0.0/lib/action_dispatch/middleware/templates/rescues/_request_and_response.html.erb (0.9ms)
  Rendered /Users/jonathanlibov/.rvm/gems/ruby-2.3.1/gems/actionpack-5.0.0/lib/action_dispatch/middleware/templates/rescues/diagnostics.html.erb within rescues/layout (62.4ms)
Started GET "/coin/new" for ::1 at 2016-07-21 16:31:07 +0200
  
ActionController::RoutingError (No route matches [GET] "/coin/new"):
  
actionpack (5.0.0) lib/action_dispatch/middleware/debug_exceptions.rb:53:in `call'
web-console (3.3.1) lib/web_console/middleware.rb:131:in `call_app'
web-console (3.3.1) lib/web_console/middleware.rb:28:in `block in call'
web-console (3.3.1) lib/web_console/middleware.rb:18:in `catch'
web-console (3.3.1) lib/web_console/middleware.rb:18:in `call'
actionpack (5.0.0) lib/action_dispatch/middleware/show_exceptions.rb:31:in `call'
railties (5.0.0) lib/rails/rack/logger.rb:36:in `call_app'
railties (5.0.0) lib/rails/rack/logger.rb:24:in `block in call'
activesupport (5.0.0) lib/active_support/tagged_logging.rb:70:in `block in tagged'
activesupport (5.0.0) lib/active_support/tagged_logging.rb:26:in `tagged'
activesupport (5.0.0) lib/active_support/tagged_logging.rb:70:in `tagged'
railties (5.0.0) lib/rails/rack/logger.rb:24:in `call'
sprockets-rails (3.1.1) lib/sprockets/rails/quiet_assets.rb:13:in `call'
actionpack (5.0.0) lib/action_dispatch/middleware/request_id.rb:24:in `call'
rack (2.0.1) lib/rack/method_override.rb:22:in `call'
rack (2.0.1) lib/rack/runtime.rb:22:in `call'
activesupport (5.0.0) lib/active_support/cache/strategy/local_cache_middleware.rb:28:in `call'
actionpack (5.0.0) lib/action_dispatch/middleware/executor.rb:12:in `call'
actionpack (5.0.0) lib/action_dispatch/middleware/static.rb:136:in `call'
rack (2.0.1) lib/rack/sendfile.rb:111:in `call'
railties (5.0.0) lib/rails/engine.rb:522:in `call'
puma (3.5.2) lib/puma/configuration.rb:225:in `call'
puma (3.5.2) lib/puma/server.rb:569:in `handle_request'
puma (3.5.2) lib/puma/server.rb:406:in `process_client'
puma (3.5.2) lib/puma/server.rb:271:in `block in run'
puma (3.5.2) lib/puma/thread_pool.rb:116:in `block in spawn_thread'
  Rendering /Users/jonathanlibov/.rvm/gems/ruby-2.3.1/gems/actionpack-5.0.0/lib/action_dispatch/middleware/templates/rescues/routing_error.html.erb within rescues/layout
  Rendering /Users/jonathanlibov/.rvm/gems/ruby-2.3.1/gems/actionpack-5.0.0/lib/action_dispatch/middleware/templates/rescues/_trace.html.erb
  Rendered /Users/jonathanlibov/.rvm/gems/ruby-2.3.1/gems/actionpack-5.0.0/lib/action_dispatch/middleware/templates/rescues/_trace.html.erb (1.9ms)
  Rendered collection of /Users/jonathanlibov/.rvm/gems/ruby-2.3.1/gems/actionpack-5.0.0/lib/action_dispatch/middleware/templates/routes/_route.html.erb [9 times] (4.2ms)
  Rendered /Users/jonathanlibov/.rvm/gems/ruby-2.3.1/gems/actionpack-5.0.0/lib/action_dispatch/middleware/templates/routes/_table.html.erb (1.3ms)
  Rendering /Users/jonathanlibov/.rvm/gems/ruby-2.3.1/gems/actionpack-5.0.0/lib/action_dispatch/middleware/templates/rescues/_request_and_response.html.erb
  Rendered /Users/jonathanlibov/.rvm/gems/ruby-2.3.1/gems/actionpack-5.0.0/lib/action_dispatch/middleware/templates/rescues/_request_and_response.html.erb (2.0ms)
  Rendered /Users/jonathanlibov/.rvm/gems/ruby-2.3.1/gems/actionpack-5.0.0/lib/action_dispatch/middleware/templates/rescues/routing_error.html.erb within rescues/layout (96.2ms)
Started GET "/coins/new" for ::1 at 2016-07-21 16:31:33 +0200
Processing by CoinsController#new as HTML
  Rendering coins/new.html.erb within layouts/application
  Rendered coins/_form.html.erb (15.2ms)
  Rendered coins/new.html.erb within layouts/application (17.7ms)
  Rendered layouts/_rails_default.html.erb (34.1ms)
  Rendered layouts/_shim.html.erb (0.3ms)
  Rendered layouts/_header.html.erb (0.4ms)
Completed 200 OK in 91ms (Views: 63.4ms | ActiveRecord: 0.8ms)


Started GET "/coins/new" for ::1 at 2016-07-21 16:32:47 +0200
Processing by CoinsController#new as HTML
  Rendering coins/new.html.erb within layouts/application
  Rendered coins/_form.html.erb (3.3ms)
  Rendered coins/new.html.erb within layouts/application (5.1ms)
  Rendered layouts/_rails_default.html.erb (40.4ms)
  Rendered layouts/_shim.html.erb (0.3ms)
  Rendered layouts/_header.html.erb (0.5ms)
Completed 200 OK in 57ms (Views: 54.1ms | ActiveRecord: 0.0ms)


Started GET "/coins/new" for ::1 at 2016-07-21 16:32:53 +0200
Processing by CoinsController#new as HTML
  Rendering coins/new.html.erb within layouts/application
  Rendered coins/_form.html.erb (3.1ms)
  Rendered coins/new.html.erb within layouts/application (4.6ms)
  Rendered layouts/_rails_default.html.erb (28.4ms)
  Rendered layouts/_shim.html.erb (0.3ms)
  Rendered layouts/_header.html.erb (0.3ms)
Completed 200 OK in 43ms (Views: 40.8ms | ActiveRecord: 0.0ms)


Started GET "/coins/new" for ::1 at 2016-07-21 16:33:40 +0200
Processing by CoinsController#new as HTML
  Rendering coins/new.html.erb within layouts/application
  Rendered coins/_form.html.erb (7.2ms)
  Rendered coins/new.html.erb within layouts/application (9.8ms)
  Rendered layouts/_rails_default.html.erb (39.2ms)
  Rendered layouts/_shim.html.erb (0.3ms)
  Rendered layouts/_header.html.erb (0.4ms)
Completed 200 OK in 64ms (Views: 59.0ms | ActiveRecord: 0.0ms)


Started GET "/coins/new" for ::1 at 2016-07-21 16:33:46 +0200
Processing by CoinsController#new as HTML
  Rendering coins/new.html.erb within layouts/application
  Rendered coins/_form.html.erb (3.6ms)
  Rendered coins/new.html.erb within layouts/application (4.9ms)
  Rendered layouts/_rails_default.html.erb (39.4ms)
  Rendered layouts/_shim.html.erb (0.3ms)
  Rendered layouts/_header.html.erb (0.3ms)
Completed 200 OK in 53ms (Views: 50.8ms | ActiveRecord: 0.0ms)


Started GET "/coins/new" for ::1 at 2016-07-21 16:35:32 +0200
Processing by CoinsController#new as HTML
  Rendering coins/new.html.erb within layouts/application
  Rendered coins/_form.html.erb (59.1ms)
  Rendered coins/new.html.erb within layouts/application (60.8ms)
Completed 500 Internal Server Error in 68ms (ActiveRecord: 0.0ms)


  
ActionView::Template::Error (undefined method `select_field' for #<ActionView::Helpers::FormBuilder:0x007f9b57c7fd68>
Did you mean?  select
               search_field):
    4: 	<%= f.label :info_way_to_earn %>
    5: 	<%= f.text_field :info_way_to_earn %>
    6: 	<%= f.label :info_status %>
    7: 	<%= f.select_field :info_status %>
    8: 	<%= f.label :info_additional %>
    9: 	<%= f.text_field :info_additional %>
   10: 	<%= f.label :application_name %>
  
app/views/coins/_form.html.erb:7:in `block in _app_views_coins__form_html_erb__1620579764258286712_70152584788180'
app/views/coins/_form.html.erb:1:in `_app_views_coins__form_html_erb__1620579764258286712_70152584788180'
app/views/coins/new.html.erb:2:in `_app_views_coins_new_html_erb__485065001069605758_70152544353680'
  Rendering /Users/jonathanlibov/.rvm/gems/ruby-2.3.1/gems/actionpack-5.0.0/lib/action_dispatch/middleware/templates/rescues/template_error.html.erb within rescues/layout
  Rendering /Users/jonathanlibov/.rvm/gems/ruby-2.3.1/gems/actionpack-5.0.0/lib/action_dispatch/middleware/templates/rescues/_source.html.erb
  Rendered /Users/jonathanlibov/.rvm/gems/ruby-2.3.1/gems/actionpack-5.0.0/lib/action_dispatch/middleware/templates/rescues/_source.html.erb (8.5ms)
  Rendering /Users/jonathanlibov/.rvm/gems/ruby-2.3.1/gems/actionpack-5.0.0/lib/action_dispatch/middleware/templates/rescues/_trace.html.erb
  Rendered /Users/jonathanlibov/.rvm/gems/ruby-2.3.1/gems/actionpack-5.0.0/lib/action_dispatch/middleware/templates/rescues/_trace.html.erb (1.9ms)
  Rendering /Users/jonathanlibov/.rvm/gems/ruby-2.3.1/gems/actionpack-5.0.0/lib/action_dispatch/middleware/templates/rescues/_request_and_response.html.erb
  Rendered /Users/jonathanlibov/.rvm/gems/ruby-2.3.1/gems/actionpack-5.0.0/lib/action_dispatch/middleware/templates/rescues/_request_and_response.html.erb (1.1ms)
  Rendered /Users/jonathanlibov/.rvm/gems/ruby-2.3.1/gems/actionpack-5.0.0/lib/action_dispatch/middleware/templates/rescues/template_error.html.erb within rescues/layout (68.2ms)
Started GET "/coins/new" for ::1 at 2016-07-21 16:35:46 +0200
Processing by CoinsController#new as HTML
  Rendering coins/new.html.erb within layouts/application
  Rendered coins/_form.html.erb (62.9ms)
  Rendered coins/new.html.erb within layouts/application (64.6ms)
Completed 500 Internal Server Error in 70ms (ActiveRecord: 0.0ms)


  
ActionView::Template::Error (undefined method `dropdown_field' for #<ActionView::Helpers::FormBuilder:0x007f9b545a1698>):
    4: 	<%= f.label :info_way_to_earn %>
    5: 	<%= f.text_field :info_way_to_earn %>
    6: 	<%= f.label :info_status %>
    7: 	<%= f.dropdown_field :info_status %>
    8: 	<%= f.label :info_additional %>
    9: 	<%= f.text_field :info_additional %>
   10: 	<%= f.label :application_name %>
  
app/views/coins/_form.html.erb:7:in `block in _app_views_coins__form_html_erb__1620579764258286712_70152595313700'
app/views/coins/_form.html.erb:1:in `_app_views_coins__form_html_erb__1620579764258286712_70152595313700'
app/views/coins/new.html.erb:2:in `_app_views_coins_new_html_erb__485065001069605758_70152583576340'
  Rendering /Users/jonathanlibov/.rvm/gems/ruby-2.3.1/gems/actionpack-5.0.0/lib/action_dispatch/middleware/templates/rescues/template_error.html.erb within rescues/layout
  Rendering /Users/jonathanlibov/.rvm/gems/ruby-2.3.1/gems/actionpack-5.0.0/lib/action_dispatch/middleware/templates/rescues/_source.html.erb
  Rendered /Users/jonathanlibov/.rvm/gems/ruby-2.3.1/gems/actionpack-5.0.0/lib/action_dispatch/middleware/templates/rescues/_source.html.erb (5.0ms)
  Rendering /Users/jonathanlibov/.rvm/gems/ruby-2.3.1/gems/actionpack-5.0.0/lib/action_dispatch/middleware/templates/rescues/_trace.html.erb
  Rendered /Users/jonathanlibov/.rvm/gems/ruby-2.3.1/gems/actionpack-5.0.0/lib/action_dispatch/middleware/templates/rescues/_trace.html.erb (2.1ms)
  Rendering /Users/jonathanlibov/.rvm/gems/ruby-2.3.1/gems/actionpack-5.0.0/lib/action_dispatch/middleware/templates/rescues/_request_and_response.html.erb
  Rendered /Users/jonathanlibov/.rvm/gems/ruby-2.3.1/gems/actionpack-5.0.0/lib/action_dispatch/middleware/templates/rescues/_request_and_response.html.erb (0.9ms)
  Rendered /Users/jonathanlibov/.rvm/gems/ruby-2.3.1/gems/actionpack-5.0.0/lib/action_dispatch/middleware/templates/rescues/template_error.html.erb within rescues/layout (60.9ms)
Started GET "/coins/new" for ::1 at 2016-07-21 16:35:58 +0200
Processing by CoinsController#new as HTML
  Rendering coins/new.html.erb within layouts/application
  Rendered coins/_form.html.erb (66.0ms)
  Rendered coins/new.html.erb within layouts/application (68.0ms)
Completed 500 Internal Server Error in 73ms (ActiveRecord: 0.0ms)


  
ActionView::Template::Error (undefined method `options_field' for #<ActionView::Helpers::FormBuilder:0x007f9b53b983b8>
Did you mean?  options):
    4: 	<%= f.label :info_way_to_earn %>
    5: 	<%= f.text_field :info_way_to_earn %>
    6: 	<%= f.label :info_status %>
    7: 	<%= f.options_field :info_status %>
    8: 	<%= f.label :info_additional %>
    9: 	<%= f.text_field :info_additional %>
   10: 	<%= f.label :application_name %>
  
app/views/coins/_form.html.erb:7:in `block in _app_views_coins__form_html_erb__1620579764258286712_70152550685220'
app/views/coins/_form.html.erb:1:in `_app_views_coins__form_html_erb__1620579764258286712_70152550685220'
app/views/coins/new.html.erb:2:in `_app_views_coins_new_html_erb__485065001069605758_70152550798160'
  Rendering /Users/jonathanlibov/.rvm/gems/ruby-2.3.1/gems/actionpack-5.0.0/lib/action_dispatch/middleware/templates/rescues/template_error.html.erb within rescues/layout
  Rendering /Users/jonathanlibov/.rvm/gems/ruby-2.3.1/gems/actionpack-5.0.0/lib/action_dispatch/middleware/templates/rescues/_source.html.erb
  Rendered /Users/jonathanlibov/.rvm/gems/ruby-2.3.1/gems/actionpack-5.0.0/lib/action_dispatch/middleware/templates/rescues/_source.html.erb (6.8ms)
  Rendering /Users/jonathanlibov/.rvm/gems/ruby-2.3.1/gems/actionpack-5.0.0/lib/action_dispatch/middleware/templates/rescues/_trace.html.erb
  Rendered /Users/jonathanlibov/.rvm/gems/ruby-2.3.1/gems/actionpack-5.0.0/lib/action_dispatch/middleware/templates/rescues/_trace.html.erb (3.3ms)
  Rendering /Users/jonathanlibov/.rvm/gems/ruby-2.3.1/gems/actionpack-5.0.0/lib/action_dispatch/middleware/templates/rescues/_request_and_response.html.erb
  Rendered /Users/jonathanlibov/.rvm/gems/ruby-2.3.1/gems/actionpack-5.0.0/lib/action_dispatch/middleware/templates/rescues/_request_and_response.html.erb (1.0ms)
  Rendered /Users/jonathanlibov/.rvm/gems/ruby-2.3.1/gems/actionpack-5.0.0/lib/action_dispatch/middleware/templates/rescues/template_error.html.erb within rescues/layout (66.0ms)
Started GET "/coins/new" for ::1 at 2016-07-21 16:38:24 +0200
Processing by CoinsController#new as HTML
  Rendering coins/new.html.erb within layouts/application
  Rendered coins/_form.html.erb (67.8ms)
  Rendered coins/new.html.erb within layouts/application (69.2ms)
Completed 500 Internal Server Error in 77ms (ActiveRecord: 0.0ms)


  
ActionView::Template::Error (undefined method `radio_field' for #<ActionView::Helpers::FormBuilder:0x007f9b57b855e8>):
    4: 	<%= f.label :info_way_to_earn %>
    5: 	<%= f.text_field :info_way_to_earn %>
    6: 	<%= f.label :info_status %>
    7: 	<%= f.radio_field :info_status %>
    8: 	<%= f.label :info_additional %>
    9: 	<%= f.text_field :info_additional %>
   10: 	<%= f.label :application_name %>
  
app/views/coins/_form.html.erb:7:in `block in _app_views_coins__form_html_erb__1620579764258286712_70152583871840'
app/views/coins/_form.html.erb:1:in `_app_views_coins__form_html_erb__1620579764258286712_70152583871840'
app/views/coins/new.html.erb:2:in `_app_views_coins_new_html_erb__485065001069605758_70152554990440'
  Rendering /Users/jonathanlibov/.rvm/gems/ruby-2.3.1/gems/actionpack-5.0.0/lib/action_dispatch/middleware/templates/rescues/template_error.html.erb within rescues/layout
  Rendering /Users/jonathanlibov/.rvm/gems/ruby-2.3.1/gems/actionpack-5.0.0/lib/action_dispatch/middleware/templates/rescues/_source.html.erb
  Rendered /Users/jonathanlibov/.rvm/gems/ruby-2.3.1/gems/actionpack-5.0.0/lib/action_dispatch/middleware/templates/rescues/_source.html.erb (5.4ms)
  Rendering /Users/jonathanlibov/.rvm/gems/ruby-2.3.1/gems/actionpack-5.0.0/lib/action_dispatch/middleware/templates/rescues/_trace.html.erb
  Rendered /Users/jonathanlibov/.rvm/gems/ruby-2.3.1/gems/actionpack-5.0.0/lib/action_dispatch/middleware/templates/rescues/_trace.html.erb (2.4ms)
  Rendering /Users/jonathanlibov/.rvm/gems/ruby-2.3.1/gems/actionpack-5.0.0/lib/action_dispatch/middleware/templates/rescues/_request_and_response.html.erb
  Rendered /Users/jonathanlibov/.rvm/gems/ruby-2.3.1/gems/actionpack-5.0.0/lib/action_dispatch/middleware/templates/rescues/_request_and_response.html.erb (0.9ms)
  Rendered /Users/jonathanlibov/.rvm/gems/ruby-2.3.1/gems/actionpack-5.0.0/lib/action_dispatch/middleware/templates/rescues/template_error.html.erb within rescues/layout (62.2ms)
Started GET "/coins/new" for ::1 at 2016-07-21 16:38:31 +0200
Processing by CoinsController#new as HTML
  Rendering coins/new.html.erb within layouts/application
  Rendered coins/_form.html.erb (54.7ms)
  Rendered coins/new.html.erb within layouts/application (55.9ms)
Completed 500 Internal Server Error in 62ms (ActiveRecord: 0.0ms)


  
ActionView::Template::Error (undefined method `radio_buttons' for #<ActionView::Helpers::FormBuilder:0x007f9b578b4558>
Did you mean?  radio_button):
    4: 	<%= f.label :info_way_to_earn %>
    5: 	<%= f.text_field :info_way_to_earn %>
    6: 	<%= f.label :info_status %>
    7: 	<%= f.radio_buttons :info_status %>
    8: 	<%= f.label :info_additional %>
    9: 	<%= f.text_field :info_additional %>
   10: 	<%= f.label :application_name %>
  
app/views/coins/_form.html.erb:7:in `block in _app_views_coins__form_html_erb__1620579764258286712_70152582803180'
app/views/coins/_form.html.erb:1:in `_app_views_coins__form_html_erb__1620579764258286712_70152582803180'
app/views/coins/new.html.erb:2:in `_app_views_coins_new_html_erb__485065001069605758_70152554525380'
  Rendering /Users/jonathanlibov/.rvm/gems/ruby-2.3.1/gems/actionpack-5.0.0/lib/action_dispatch/middleware/templates/rescues/template_error.html.erb within rescues/layout
  Rendering /Users/jonathanlibov/.rvm/gems/ruby-2.3.1/gems/actionpack-5.0.0/lib/action_dispatch/middleware/templates/rescues/_source.html.erb
  Rendered /Users/jonathanlibov/.rvm/gems/ruby-2.3.1/gems/actionpack-5.0.0/lib/action_dispatch/middleware/templates/rescues/_source.html.erb (4.5ms)
  Rendering /Users/jonathanlibov/.rvm/gems/ruby-2.3.1/gems/actionpack-5.0.0/lib/action_dispatch/middleware/templates/rescues/_trace.html.erb
  Rendered /Users/jonathanlibov/.rvm/gems/ruby-2.3.1/gems/actionpack-5.0.0/lib/action_dispatch/middleware/templates/rescues/_trace.html.erb (2.2ms)
  Rendering /Users/jonathanlibov/.rvm/gems/ruby-2.3.1/gems/actionpack-5.0.0/lib/action_dispatch/middleware/templates/rescues/_request_and_response.html.erb
  Rendered /Users/jonathanlibov/.rvm/gems/ruby-2.3.1/gems/actionpack-5.0.0/lib/action_dispatch/middleware/templates/rescues/_request_and_response.html.erb (0.7ms)
  Rendered /Users/jonathanlibov/.rvm/gems/ruby-2.3.1/gems/actionpack-5.0.0/lib/action_dispatch/middleware/templates/rescues/template_error.html.erb within rescues/layout (66.9ms)
Started GET "/coins/new" for ::1 at 2016-07-21 16:38:39 +0200
Processing by CoinsController#new as HTML
  Rendering coins/new.html.erb within layouts/application
  Rendered coins/_form.html.erb (4.6ms)
  Rendered coins/new.html.erb within layouts/application (6.1ms)
  Rendered layouts/_rails_default.html.erb (23.0ms)
  Rendered layouts/_shim.html.erb (0.5ms)
  Rendered layouts/_header.html.erb (0.4ms)
Completed 200 OK in 42ms (Views: 40.2ms | ActiveRecord: 0.0ms)


Started POST "/coins" for ::1 at 2016-07-21 16:39:29 +0200
Processing by CoinsController#create as HTML
  Parameters: {"utf8"=>"✓", "authenticity_token"=>"tz/LIs126bNea43X+fhOvCbTo4CBbKG893qdtYSUaS7AjSiW21b4xqSNHNQyIjLMjeiaI5eCmYyJqO9fhEvFpg==", "coin"=>{"name"=>"Steem", "info_way_to_earn"=>"Upvotes for the content you post in Steem, a Reddit-like app.", "info_status"=>"Live", "info_additional"=>"50% of the money you make as an author is paid in Steem Power. Steem Power can be withdrawn in weekly installments over two years.", "application_name"=>"SteemIt", "application_description"=>"Social media platform where anyone can earn rewards.", "application_status"=>"Live", "application_category"=>"Social", "logo_url"=>""}, "commit"=>"Edit coin"}
Completed 500 Internal Server Error in 1ms (ActiveRecord: 0.0ms)


  
ActiveModel::ForbiddenAttributesError (ActiveModel::ForbiddenAttributesError):
  
app/controllers/coins_controller.rb:21:in `create'
  Rendering /Users/jonathanlibov/.rvm/gems/ruby-2.3.1/gems/actionpack-5.0.0/lib/action_dispatch/middleware/templates/rescues/diagnostics.html.erb within rescues/layout
  Rendering /Users/jonathanlibov/.rvm/gems/ruby-2.3.1/gems/actionpack-5.0.0/lib/action_dispatch/middleware/templates/rescues/_source.html.erb
  Rendered /Users/jonathanlibov/.rvm/gems/ruby-2.3.1/gems/actionpack-5.0.0/lib/action_dispatch/middleware/templates/rescues/_source.html.erb (3.0ms)
  Rendering /Users/jonathanlibov/.rvm/gems/ruby-2.3.1/gems/actionpack-5.0.0/lib/action_dispatch/middleware/templates/rescues/_trace.html.erb
  Rendered /Users/jonathanlibov/.rvm/gems/ruby-2.3.1/gems/actionpack-5.0.0/lib/action_dispatch/middleware/templates/rescues/_trace.html.erb (3.3ms)
  Rendering /Users/jonathanlibov/.rvm/gems/ruby-2.3.1/gems/actionpack-5.0.0/lib/action_dispatch/middleware/templates/rescues/_request_and_response.html.erb
  Rendered /Users/jonathanlibov/.rvm/gems/ruby-2.3.1/gems/actionpack-5.0.0/lib/action_dispatch/middleware/templates/rescues/_request_and_response.html.erb (2.1ms)
  Rendered /Users/jonathanlibov/.rvm/gems/ruby-2.3.1/gems/actionpack-5.0.0/lib/action_dispatch/middleware/templates/rescues/diagnostics.html.erb within rescues/layout (60.9ms)
Started GET "/coins/new" for ::1 at 2016-07-21 16:40:13 +0200
Processing by CoinsController#new as HTML
  Rendering coins/new.html.erb within layouts/application
  Rendered coins/_form.html.erb (5.5ms)
  Rendered coins/new.html.erb within layouts/application (143.5ms)
Completed 500 Internal Server Error in 148ms (ActiveRecord: 0.0ms)


  
ActionView::Template::Error (undefined local variable or method `f' for #<#<Class:0x007f9b52f4fa70>:0x007f9b544230a0>):
    1: <% provide(:title, 'Add new coin') %> 
    2: <%= render 'form' %>
    3: <%= f.submit "Edit coin", class: "btn btn-primary" %>
  
app/views/coins/new.html.erb:3:in `_app_views_coins_new_html_erb__485065001069605758_70152555142700'
  Rendering /Users/jonathanlibov/.rvm/gems/ruby-2.3.1/gems/actionpack-5.0.0/lib/action_dispatch/middleware/templates/rescues/template_error.html.erb within rescues/layout
  Rendering /Users/jonathanlibov/.rvm/gems/ruby-2.3.1/gems/actionpack-5.0.0/lib/action_dispatch/middleware/templates/rescues/_source.html.erb
  Rendered /Users/jonathanlibov/.rvm/gems/ruby-2.3.1/gems/actionpack-5.0.0/lib/action_dispatch/middleware/templates/rescues/_source.html.erb (3.6ms)
  Rendering /Users/jonathanlibov/.rvm/gems/ruby-2.3.1/gems/actionpack-5.0.0/lib/action_dispatch/middleware/templates/rescues/_trace.html.erb
  Rendered /Users/jonathanlibov/.rvm/gems/ruby-2.3.1/gems/actionpack-5.0.0/lib/action_dispatch/middleware/templates/rescues/_trace.html.erb (1.6ms)
  Rendering /Users/jonathanlibov/.rvm/gems/ruby-2.3.1/gems/actionpack-5.0.0/lib/action_dispatch/middleware/templates/rescues/_request_and_response.html.erb
  Rendered /Users/jonathanlibov/.rvm/gems/ruby-2.3.1/gems/actionpack-5.0.0/lib/action_dispatch/middleware/templates/rescues/_request_and_response.html.erb (0.8ms)
  Rendered /Users/jonathanlibov/.rvm/gems/ruby-2.3.1/gems/actionpack-5.0.0/lib/action_dispatch/middleware/templates/rescues/template_error.html.erb within rescues/layout (60.3ms)
Started GET "/coins/new" for ::1 at 2016-07-21 16:42:25 +0200
Processing by CoinsController#new as HTML
  Rendering coins/new.html.erb within layouts/application
  Rendered coins/_form.html.erb (4.0ms)
  Rendered coins/new.html.erb within layouts/application (6.7ms)
  Rendered layouts/_rails_default.html.erb (26.8ms)
  Rendered layouts/_shim.html.erb (0.4ms)
  Rendered layouts/_header.html.erb (0.3ms)
Completed 200 OK in 48ms (Views: 45.8ms | ActiveRecord: 0.0ms)


Started POST "/coins" for ::1 at 2016-07-21 16:45:49 +0200
Processing by CoinsController#create as HTML
  Parameters: {"utf8"=>"✓", "authenticity_token"=>"FxT0b1ZDgq8He/vBqEVWAaFbevBlS6FWXGV+HMQOTeBgphfbQGOT2v2dasJjnypxCmBDU3OlmWYitwz2xNHhaA==", "coin"=>{"name"=>"Steem", "info_way_to_earn"=>"Upvotes for the content you post in Steem, a Reddit-like app.", "info_status"=>"Live", "info_additional"=>"50% of the money you make as an author is paid in Steem Power. Steem Power can be withdrawn in weekly installments over two years.", "application_name"=>"SteemIt", "application_description"=>"Social media platform where anyone can earn rewards.", "application_status"=>"Live", "application_category"=>"Social", "logo_url"=>""}, "commit"=>"Submit"}
Completed 500 Internal Server Error in 15ms (ActiveRecord: 1.0ms)


  
ActiveModel::ForbiddenAttributesError (ActiveModel::ForbiddenAttributesError):
  
app/controllers/coins_controller.rb:21:in `create'
  Rendering /Users/jonathanlibov/.rvm/gems/ruby-2.3.1/gems/actionpack-5.0.0/lib/action_dispatch/middleware/templates/rescues/diagnostics.html.erb within rescues/layout
  Rendering /Users/jonathanlibov/.rvm/gems/ruby-2.3.1/gems/actionpack-5.0.0/lib/action_dispatch/middleware/templates/rescues/_source.html.erb
  Rendered /Users/jonathanlibov/.rvm/gems/ruby-2.3.1/gems/actionpack-5.0.0/lib/action_dispatch/middleware/templates/rescues/_source.html.erb (2.9ms)
  Rendering /Users/jonathanlibov/.rvm/gems/ruby-2.3.1/gems/actionpack-5.0.0/lib/action_dispatch/middleware/templates/rescues/_trace.html.erb
  Rendered /Users/jonathanlibov/.rvm/gems/ruby-2.3.1/gems/actionpack-5.0.0/lib/action_dispatch/middleware/templates/rescues/_trace.html.erb (2.1ms)
  Rendering /Users/jonathanlibov/.rvm/gems/ruby-2.3.1/gems/actionpack-5.0.0/lib/action_dispatch/middleware/templates/rescues/_request_and_response.html.erb
  Rendered /Users/jonathanlibov/.rvm/gems/ruby-2.3.1/gems/actionpack-5.0.0/lib/action_dispatch/middleware/templates/rescues/_request_and_response.html.erb (1.2ms)
  Rendered /Users/jonathanlibov/.rvm/gems/ruby-2.3.1/gems/actionpack-5.0.0/lib/action_dispatch/middleware/templates/rescues/diagnostics.html.erb within rescues/layout (60.1ms)
  [1m[36mActiveRecord::SchemaMigration Load (0.1ms)[0m  [1m[34mSELECT "schema_migrations".* FROM "schema_migrations"[0m
  [1m[36mActiveRecord::InternalMetadata Load (0.2ms)[0m  [1m[34mSELECT  "ar_internal_metadata".* FROM "ar_internal_metadata" WHERE "ar_internal_metadata"."key" = ? LIMIT ?[0m  [["key", :environment], ["LIMIT", 1]]
  [1m[35m (0.1ms)[0m  [1m[36mbegin transaction[0m
  [1m[35m (0.0ms)[0m  [1m[36mcommit transaction[0m
  [1m[36mActiveRecord::SchemaMigration Load (0.1ms)[0m  [1m[34mSELECT "schema_migrations".* FROM "schema_migrations"[0m
Started POST "/coins" for ::1 at 2016-07-21 17:04:46 +0200
Processing by CoinsController#create as HTML
  Parameters: {"utf8"=>"✓", "authenticity_token"=>"FxT0b1ZDgq8He/vBqEVWAaFbevBlS6FWXGV+HMQOTeBgphfbQGOT2v2dasJjnypxCmBDU3OlmWYitwz2xNHhaA==", "coin"=>{"name"=>"Steem", "info_way_to_earn"=>"Upvotes for the content you post in Steem, a Reddit-like app.", "info_status"=>"Live", "info_additional"=>"50% of the money you make as an author is paid in Steem Power. Steem Power can be withdrawn in weekly installments over two years.", "application_name"=>"SteemIt", "application_description"=>"Social media platform where anyone can earn rewards.", "application_status"=>"Live", "application_category"=>"Social", "logo_url"=>""}, "commit"=>"Submit"}
Completed 500 Internal Server Error in 23ms (ActiveRecord: 0.7ms)


  
ActiveModel::ForbiddenAttributesError (ActiveModel::ForbiddenAttributesError):
  
app/controllers/coins_controller.rb:21:in `create'
  Rendering /Users/jonathanlibov/.rvm/gems/ruby-2.3.1/gems/actionpack-5.0.0/lib/action_dispatch/middleware/templates/rescues/diagnostics.html.erb within rescues/layout
  Rendering /Users/jonathanlibov/.rvm/gems/ruby-2.3.1/gems/actionpack-5.0.0/lib/action_dispatch/middleware/templates/rescues/_source.html.erb
  Rendered /Users/jonathanlibov/.rvm/gems/ruby-2.3.1/gems/actionpack-5.0.0/lib/action_dispatch/middleware/templates/rescues/_source.html.erb (3.7ms)
  Rendering /Users/jonathanlibov/.rvm/gems/ruby-2.3.1/gems/actionpack-5.0.0/lib/action_dispatch/middleware/templates/rescues/_trace.html.erb
  Rendered /Users/jonathanlibov/.rvm/gems/ruby-2.3.1/gems/actionpack-5.0.0/lib/action_dispatch/middleware/templates/rescues/_trace.html.erb (2.3ms)
  Rendering /Users/jonathanlibov/.rvm/gems/ruby-2.3.1/gems/actionpack-5.0.0/lib/action_dispatch/middleware/templates/rescues/_request_and_response.html.erb
  Rendered /Users/jonathanlibov/.rvm/gems/ruby-2.3.1/gems/actionpack-5.0.0/lib/action_dispatch/middleware/templates/rescues/_request_and_response.html.erb (1.9ms)
  Rendered /Users/jonathanlibov/.rvm/gems/ruby-2.3.1/gems/actionpack-5.0.0/lib/action_dispatch/middleware/templates/rescues/diagnostics.html.erb within rescues/layout (63.2ms)
  [1m[35m (0.2ms)[0m  [1m[36mbegin transaction[0m
  [1m[35mSQL (1.1ms)[0m  [1m[32mINSERT INTO "coins" ("name", "info_way_to_earn", "info_status", "info_additional", "application_name", "application_description", "application_status", "application_category", "created_at", "updated_at") VALUES (?, ?, ?, ?, ?, ?, ?, ?, ?, ?)[0m  [["name", "Steem"], ["info_way_to_earn", "Upvotes for the content you post in Steem, a Reddit-like app."], ["info_status", "live"], ["info_additional", "50% of the money you make as an author is paid in Steem Power. Steem Power can be withdrawn in weekly installments over two years."], ["application_name", "SteemIt"], ["application_description", "Social media platform where anyone can earn rewards."], ["application_status", "Live"], ["application_category", "Social"], ["created_at", 2016-07-21 15:08:22 UTC], ["updated_at", 2016-07-21 15:08:22 UTC]]
  [1m[35m (2.5ms)[0m  [1m[36mcommit transaction[0m
Started GET "/coins" for ::1 at 2016-07-21 17:08:43 +0200
Processing by CoinsController#index as HTML
  Rendering coins/index.html.erb within layouts/application
  [1m[36mCoin Load (0.2ms)[0m  [1m[34mSELECT "coins".* FROM "coins"[0m
  Rendered coins/index.html.erb within layouts/application (2.2ms)
  Rendered layouts/_rails_default.html.erb (28.3ms)
  Rendered layouts/_shim.html.erb (0.5ms)
  Rendered layouts/_header.html.erb (0.6ms)
Completed 200 OK in 56ms (Views: 46.1ms | ActiveRecord: 0.2ms)


Started GET "/coins" for ::1 at 2016-07-21 17:09:03 +0200
Processing by CoinsController#index as HTML
  Rendering coins/index.html.erb within layouts/application
  [1m[36mCoin Load (0.2ms)[0m  [1m[34mSELECT "coins".* FROM "coins"[0m
  Rendered coins/index.html.erb within layouts/application (1.3ms)
  Rendered layouts/_rails_default.html.erb (24.2ms)
  Rendered layouts/_shim.html.erb (0.6ms)
  Rendered layouts/_header.html.erb (0.5ms)
Completed 200 OK in 36ms (Views: 34.5ms | ActiveRecord: 0.2ms)


Started GET "/coins" for ::1 at 2016-07-21 17:09:29 +0200
Processing by CoinsController#index as HTML
  Rendering coins/index.html.erb within layouts/application
  [1m[36mCoin Load (0.2ms)[0m  [1m[34mSELECT "coins".* FROM "coins"[0m
  Rendered coins/index.html.erb within layouts/application (1.6ms)
  Rendered layouts/_rails_default.html.erb (23.8ms)
  Rendered layouts/_shim.html.erb (0.4ms)
  Rendered layouts/_header.html.erb (0.6ms)
Completed 200 OK in 41ms (Views: 38.0ms | ActiveRecord: 0.2ms)


Started GET "/coins" for ::1 at 2016-07-21 17:09:42 +0200
Processing by CoinsController#index as HTML
  Rendering coins/index.html.erb within layouts/application
  [1m[36mCoin Load (0.2ms)[0m  [1m[34mSELECT "coins".* FROM "coins"[0m
  Rendered coins/index.html.erb within layouts/application (1.3ms)
  Rendered layouts/_rails_default.html.erb (24.5ms)
  Rendered layouts/_shim.html.erb (0.4ms)
  Rendered layouts/_header.html.erb (1.1ms)
Completed 200 OK in 40ms (Views: 37.4ms | ActiveRecord: 0.2ms)


Started GET "/coins" for ::1 at 2016-07-21 17:09:58 +0200
Processing by CoinsController#index as HTML
  Rendering coins/index.html.erb within layouts/application
  [1m[36mCoin Load (0.3ms)[0m  [1m[34mSELECT "coins".* FROM "coins"[0m
  Rendered coins/index.html.erb within layouts/application (1.3ms)
  Rendered layouts/_rails_default.html.erb (14.0ms)
  Rendered layouts/_shim.html.erb (0.3ms)
  Rendered layouts/_header.html.erb (0.7ms)
Completed 200 OK in 25ms (Views: 22.9ms | ActiveRecord: 0.3ms)


Started GET "/coins" for ::1 at 2016-07-21 17:11:02 +0200
Processing by CoinsController#index as HTML
  Rendering coins/index.html.erb within layouts/application
  [1m[36mCoin Load (0.4ms)[0m  [1m[34mSELECT "coins".* FROM "coins"[0m
  Rendered coins/index.html.erb within layouts/application (1.6ms)
  Rendered layouts/_rails_default.html.erb (13.4ms)
  Rendered layouts/_shim.html.erb (0.3ms)
  Rendered layouts/_header.html.erb (0.4ms)
Completed 200 OK in 26ms (Views: 23.4ms | ActiveRecord: 0.4ms)


Started GET "/coins" for ::1 at 2016-07-21 17:11:19 +0200
Processing by CoinsController#index as HTML
  Rendering coins/index.html.erb within layouts/application
  [1m[36mCoin Load (0.4ms)[0m  [1m[34mSELECT "coins".* FROM "coins"[0m
  Rendered coins/index.html.erb within layouts/application (1.6ms)
  Rendered layouts/_rails_default.html.erb (25.0ms)
  Rendered layouts/_shim.html.erb (0.5ms)
  Rendered layouts/_header.html.erb (0.7ms)
Completed 200 OK in 39ms (Views: 37.0ms | ActiveRecord: 0.4ms)


Started GET "/coins" for ::1 at 2016-07-21 17:11:40 +0200
Processing by CoinsController#index as HTML
  Rendering coins/index.html.erb within layouts/application
  [1m[36mCoin Load (0.2ms)[0m  [1m[34mSELECT "coins".* FROM "coins"[0m
  Rendered coins/index.html.erb within layouts/application (1.3ms)
  Rendered layouts/_rails_default.html.erb (21.7ms)
  Rendered layouts/_shim.html.erb (0.5ms)
  Rendered layouts/_header.html.erb (0.5ms)
Completed 200 OK in 36ms (Views: 33.7ms | ActiveRecord: 0.2ms)


  [1m[36mActiveRecord::SchemaMigration Load (0.2ms)[0m  [1m[34mSELECT "schema_migrations".* FROM "schema_migrations"[0m
Migrating to AddApplicationUrlToCoins (20160721151545)
  [1m[35m (0.1ms)[0m  [1m[36mbegin transaction[0m
  [1m[35m (0.5ms)[0m  [1m[35mALTER TABLE "coins" ADD "application_url" varchar[0m
  [1m[35mSQL (0.2ms)[0m  [1m[32mINSERT INTO "schema_migrations" ("version") VALUES (?)[0m  [["version", "20160721151545"]]
  [1m[35m (0.9ms)[0m  [1m[36mcommit transaction[0m
  [1m[36mActiveRecord::InternalMetadata Load (0.2ms)[0m  [1m[34mSELECT  "ar_internal_metadata".* FROM "ar_internal_metadata" WHERE "ar_internal_metadata"."key" = ? LIMIT ?[0m  [["key", :environment], ["LIMIT", 1]]
  [1m[35m (0.1ms)[0m  [1m[36mbegin transaction[0m
  [1m[35m (0.0ms)[0m  [1m[36mcommit transaction[0m
  [1m[36mActiveRecord::SchemaMigration Load (0.1ms)[0m  [1m[34mSELECT "schema_migrations".* FROM "schema_migrations"[0m
  [1m[36mCoin Load (0.3ms)[0m  [1m[34mSELECT  "coins".* FROM "coins" WHERE "coins"."id" = ? LIMIT ?[0m  [["id", 1], ["LIMIT", 1]]
  [1m[35m (0.2ms)[0m  [1m[36mbegin transaction[0m
  [1m[35mSQL (0.4ms)[0m  [1m[33mUPDATE "coins" SET "updated_at" = ?, "application_url" = ? WHERE "coins"."id" = ?[0m  [["updated_at", 2016-07-21 15:16:55 UTC], ["application_url", "http://steemit.com"], ["id", 1]]
  [1m[35m (9.0ms)[0m  [1m[36mcommit transaction[0m
Started GET "/coins" for ::1 at 2016-07-21 17:21:04 +0200
  [1m[36mActiveRecord::SchemaMigration Load (0.3ms)[0m  [1m[34mSELECT "schema_migrations".* FROM "schema_migrations"[0m
Processing by CoinsController#index as HTML
  Rendering coins/index.html.erb within layouts/application
  [1m[36mCoin Load (0.2ms)[0m  [1m[34mSELECT "coins".* FROM "coins"[0m
  Rendered coins/index.html.erb within layouts/application (18.2ms)
  Rendered layouts/_rails_default.html.erb (33.9ms)
  Rendered layouts/_shim.html.erb (0.5ms)
  Rendered layouts/_header.html.erb (0.7ms)
Completed 200 OK in 73ms (Views: 65.0ms | ActiveRecord: 0.9ms)


Started GET "/coins" for ::1 at 2016-07-21 17:21:09 +0200
Processing by CoinsController#index as HTML
  Rendering coins/index.html.erb within layouts/application
  [1m[36mCoin Load (0.3ms)[0m  [1m[34mSELECT "coins".* FROM "coins"[0m
  Rendered coins/index.html.erb within layouts/application (1.2ms)
  Rendered layouts/_rails_default.html.erb (21.6ms)
  Rendered layouts/_shim.html.erb (0.7ms)
  Rendered layouts/_header.html.erb (0.5ms)
Completed 200 OK in 34ms (Views: 31.5ms | ActiveRecord: 0.3ms)


  [1m[36mCoin Load (1.7ms)[0m  [1m[34mSELECT "coins".* FROM "coins"[0m
  [1m[36mCoin Load (0.5ms)[0m  [1m[34mSELECT  "coins".* FROM "coins" ORDER BY "coins"."id" ASC LIMIT ?[0m  [["LIMIT", 1]]
  [1m[36mCoin Load (0.3ms)[0m  [1m[34mSELECT  "coins".* FROM "coins" ORDER BY "coins"."id" ASC LIMIT ?[0m  [["LIMIT", 1]]
Started GET "/coins" for ::1 at 2016-07-21 17:29:21 +0200
Processing by CoinsController#index as HTML
  Rendering coins/index.html.erb within layouts/application
  [1m[36mCoin Load (0.3ms)[0m  [1m[34mSELECT "coins".* FROM "coins"[0m
  Rendered coins/index.html.erb within layouts/application (13.6ms)
  Rendered layouts/_rails_default.html.erb (25.6ms)
  Rendered layouts/_shim.html.erb (0.5ms)
  Rendered layouts/_header.html.erb (0.5ms)
Completed 200 OK in 56ms (Views: 50.0ms | ActiveRecord: 0.9ms)


Started GET "/coins" for ::1 at 2016-07-21 17:29:28 +0200
Processing by CoinsController#index as HTML
  Rendering coins/index.html.erb within layouts/application
  [1m[36mCoin Load (0.3ms)[0m  [1m[34mSELECT "coins".* FROM "coins"[0m
  Rendered coins/index.html.erb within layouts/application (1.4ms)
  Rendered layouts/_rails_default.html.erb (14.5ms)
  Rendered layouts/_shim.html.erb (0.3ms)
  Rendered layouts/_header.html.erb (0.3ms)
Completed 200 OK in 28ms (Views: 24.5ms | ActiveRecord: 0.3ms)


  [1m[36mActiveRecord::SchemaMigration Load (0.2ms)[0m  [1m[34mSELECT "schema_migrations".* FROM "schema_migrations"[0m
Migrating to CreateCategories (20160721153649)
  [1m[35m (0.1ms)[0m  [1m[36mbegin transaction[0m
  [1m[35m (0.5ms)[0m  [1m[35mCREATE TABLE "categories" ("id" INTEGER PRIMARY KEY AUTOINCREMENT NOT NULL, "name" varchar, "created_at" datetime NOT NULL, "updated_at" datetime NOT NULL)[0m
  [1m[35mSQL (0.2ms)[0m  [1m[32mINSERT INTO "schema_migrations" ("version") VALUES (?)[0m  [["version", "20160721153649"]]
  [1m[35m (1.0ms)[0m  [1m[36mcommit transaction[0m
  [1m[36mActiveRecord::InternalMetadata Load (0.2ms)[0m  [1m[34mSELECT  "ar_internal_metadata".* FROM "ar_internal_metadata" WHERE "ar_internal_metadata"."key" = ? LIMIT ?[0m  [["key", :environment], ["LIMIT", 1]]
  [1m[35m (0.1ms)[0m  [1m[36mbegin transaction[0m
  [1m[35m (0.0ms)[0m  [1m[36mcommit transaction[0m
  [1m[36mActiveRecord::SchemaMigration Load (0.1ms)[0m  [1m[34mSELECT "schema_migrations".* FROM "schema_migrations"[0m
